Arguments: 
  /usr/local/bin/node /usr/local/bin/yarn start

PATH: 
  /Users/KongKongStory/.rvm/gems/ruby-2.1.1/bin:/Users/KongKongStory/.rvm/gems/ruby-2.1.1@global/bin:/Users/KongKongStory/.rvm/rubies/ruby-2.1.1/bin:/Users/KongKongStory/anaconda/bin:/usr/local/bin:/usr/bin:/bin:/usr/sbin:/sbin:/usr/local/go/bin:/Users/KongKongStory/.rvm/gems/ruby-2.1.1/bin:/Users/KongKongStory/.rvm/gems/ruby-2.1.1@global/bin:/Users/KongKongStory/.rvm/rubies/ruby-2.1.1/bin:/Users/KongKongStory/anaconda/bin:/usr/local/opt/android-sdk/tools:/usr/local/opt/android-sdk/platform-tools:/Users/KongKongStory/.rvm/bin:/Applications/Visual Studio Code.app/Contents/Resources/app/bin/:/usr/local/opt/android-sdk/tools:/usr/local/opt/android-sdk/platform-tools:/Applications/Visual Studio Code.app/Contents/Resources/app/bin/

Yarn version: 
  1.5.1

Node version: 
  8.9.4

Platform: 
  darwin x64

npm manifest: 
  {
    "name": "stat",
    "version": "1.0.0",
    "description": "",
    "main": "index.js",
    "scripts": {
      "start": "node server.js",
      "test": "echo \"Error: no test specified\" && exit 1"
    },
    "author": "",
    "license": "ISC",
    "dependencies": {
      "express": "^4.16.3",
      "steem": "^0.7.1"
    }
  }

yarn manifest: 
  No manifest

Lockfile: 
  No lockfile

Trace: 
  Error: Command failed.
  Exit code: 1
  Command: sh
  Arguments: -c node server.js
  Directory: /Users/KongKongStory/workspace-nodejs/steemit-lab/stat
  Output:
  
      at ProcessTermError.MessageError (/usr/local/lib/node_modules/yarn/lib/cli.js:186:110)
      at new ProcessTermError (/usr/local/lib/node_modules/yarn/lib/cli.js:226:113)
      at ChildProcess.<anonymous> (/usr/local/lib/node_modules/yarn/lib/cli.js:30281:17)
      at emitTwo (events.js:126:13)
      at ChildProcess.emit (events.js:214:7)
      at maybeClose (internal/child_process.js:925:16)
      at Process.ChildProcess._handle.onexit (internal/child_process.js:209:5)
